[10/393] Building C object freerdp-root-build/winpr/libwinpr/CMakeFiles/winpr.dir/synch/barrier.c.o
clang: warning: argument unused during compilation: '--gcc-toolchain=/Applications/DevEco-Studio.app/Contents/sdk/default/openharmony/native/llvm' [-Wunused-command-line-argument]
[11/393] Building C object freerdp-root-build/winpr/libwinpr/CMakeFiles/winpr.dir/synch/mutex.c.o
clang: warning: argument unused during compilation: '--gcc-toolchain=/Applications/DevEco-Studio.app/Contents/sdk/default/openharmony/native/llvm' [-Wunused-command-line-argument]
[12/393] Building C object freerdp-root-build/winpr/libwinpr/CMakeFiles/winpr.dir/file/namedPipeClient.c.o
clang: warning: argument unused during compilation: '--gcc-toolchain=/Applications/DevEco-Studio.app/Contents/sdk/default/openharmony/native/llvm' [-Wunused-command-line-argument]
[13/393] Building C object freerdp-root-build/winpr/libwinpr/CMakeFiles/winpr.dir/file/file.c.o
clang: warning: argument unused during compilation: '--gcc-toolchain=/Applications/DevEco-Studio.app/Contents/sdk/default/openharmony/native/llvm' [-Wunused-command-line-argument]
[14/393] Building C object freerdp-root-build/winpr/libwinpr/CMakeFiles/winpr.dir/comm/comm_sercx2_sys.c.o
clang: warning: argument unused during compilation: '--gcc-toolchain=/Applications/DevEco-Studio.app/Contents/sdk/default/openharmony/native/llvm' [-Wunused-command-line-argument]
[15/393] Building C object freerdp-root-build/winpr/libwinpr/CMakeFiles/winpr.dir/comm/comm_sercx_sys.c.o
clang: warning: argument unused during compilation: '--gcc-toolchain=/Applications/DevEco-Studio.app/Contents/sdk/default/openharmony/native/llvm' [-Wunused-command-line-argument]
[16/393] Building C object freerdp-root-build/winpr/libwinpr/CMakeFiles/winpr.dir/synch/timer.c.o
clang: warning: argument unused during compilation: '--gcc-toolchain=/Applications/DevEco-Studio.app/Contents/sdk/default/openharmony/native/llvm' [-Wunused-command-line-argument]
[17/393] Building C object freerdp-root-build/winpr/libwinpr/CMakeFiles/winpr.dir/synch/wait.c.o
clang: warning: argument unused during compilation: '--gcc-toolchain=/Applications/DevEco-Studio.app/Contents/sdk/default/openharmony/native/llvm' [-Wunused-command-line-argument]
[18/393] Building C object freerdp-root-build/winpr/libwinpr/CMakeFiles/winpr.dir/comm/comm_io.c.o
clang: warning: argument unused during compilation: '--gcc-toolchain=/Applications/DevEco-Studio.app/Contents/sdk/default/openharmony/native/llvm' [-Wunused-command-line-argument]
[19/393] Building C object freerdp-root-build/winpr/libwinpr/CMakeFiles/winpr.dir/comm/comm_ioctl.c.o
clang: warning: argument unused during compilation: '--gcc-toolchain=/Applications/DevEco-Studio.app/Contents/sdk/default/openharmony/native/llvm' [-Wunused-command-line-argument]
[20/393] Building C object freerdp-root-build/winpr/libwinpr/CMakeFiles/winpr.dir/synch/event.c.o
clang: warning: argument unused during compilation: '--gcc-toolchain=/Applications/DevEco-Studio.app/Contents/sdk/default/openharmony/native/llvm' [-Wunused-command-line-argument]
[21/393] Building C object freerdp-root-build/winpr/libwinpr/CMakeFiles/winpr.dir/file/generic.c.o
clang: warning: argument unused during compilation: '--gcc-toolchain=/Applications/DevEco-Studio.app/Contents/sdk/default/openharmony/native/llvm' [-Wunused-command-line-argument]
[22/393] Building C object freerdp-root-build/winpr/libwinpr/CMakeFiles/winpr.dir/comm/comm.c.o
clang: warning: argument unused during compilation: '--gcc-toolchain=/Applications/DevEco-Studio.app/Contents/sdk/default/openharmony/native/llvm' [-Wunused-command-line-argument]
[23/393] Building C object freerdp-root-build/winpr/libwinpr/CMakeFiles/winpr.dir/comm/comm_serial_sys.c.o
clang: warning: argument unused during compilation: '--gcc-toolchain=/Applications/DevEco-Studio.app/Contents/sdk/default/openharmony/native/llvm' [-Wunused-command-line-argument]
[24/393] Building C object freerdp-root-build/winpr/libwinpr/CMakeFiles/winpr.dir/crypto/hmac_md5.c.o
clang: warning: argument unused during compilation: '--gcc-toolchain=/Applications/DevEco-Studio.app/Contents/sdk/default/openharmony/native/llvm' [-Wunused-command-line-argument]
[25/393] Building C object freerdp-root-build/winpr/libwinpr/CMakeFiles/winpr.dir/crypto/md4.c.o
clang: warning: argument unused during compilation: '--gcc-toolchain=/Applications/DevEco-Studio.app/Contents/sdk/default/openharmony/native/llvm' [-Wunused-command-line-argument]
[26/393] Building C object freerdp-root-build/winpr/libwinpr/CMakeFiles/winpr.dir/security/security.c.o
clang: warning: argument unused during compilation: '--gcc-toolchain=/Applications/DevEco-Studio.app/Contents/sdk/default/openharmony/native/llvm' [-Wunused-command-line-argument]
[27/393] Building C object freerdp-root-build/winpr/libwinpr/CMakeFiles/winpr.dir/crypto/rc4.c.o
clang: warning: argument unused during compilation: '--gcc-toolchain=/Applications/DevEco-Studio.app/Contents/sdk/default/openharmony/native/llvm' [-Wunused-command-line-argument]
[28/393] Building C object freerdp-root-build/winpr/libwinpr/CMakeFiles/winpr.dir/crypto/cert.c.o
clang: warning: argument unused during compilation: '--gcc-toolchain=/Applications/DevEco-Studio.app/Contents/sdk/default/openharmony/native/llvm' [-Wunused-command-line-argument]
[29/393] Building C object freerdp-root-build/winpr/libwinpr/CMakeFiles/winpr.dir/crypto/md5.c.o
clang: warning: argument unused during compilation: '--gcc-toolchain=/Applications/DevEco-Studio.app/Contents/sdk/default/openharmony/native/llvm' [-Wunused-command-line-argument]
[30/393] Building C object freerdp-root-build/winpr/libwinpr/CMakeFiles/winpr.dir/interlocked/interlocked.c.o
clang: warning: argument unused during compilation: '--gcc-toolchain=/Applications/DevEco-Studio.app/Contents/sdk/default/openharmony/native/llvm' [-Wunused-command-line-argument]
[31/393] Building C object freerdp-root-build/winpr/libwinpr/CMakeFiles/winpr.dir/pipe/pipe.c.o
clang: warning: argument unused during compilation: '--gcc-toolchain=/Applications/DevEco-Studio.app/Contents/sdk/default/openharmony/native/llvm' [-Wunused-command-line-argument]
[32/393] Building C object freerdp-root-build/winpr/libwinpr/CMakeFiles/winpr.dir/crypto/crypto.c.o
clang: warning: argument unused during compilation: '--gcc-toolchain=/Applications/DevEco-Studio.app/Contents/sdk/default/openharmony/native/llvm' [-Wunused-command-line-argument]
[33/393] Building C object freerdp-root-build/winpr/libwinpr/CMakeFiles/winpr.dir/io/device.c.o
clang: warning: argument unused during compilation: '--gcc-toolchain=/Applications/DevEco-Studio.app/Contents/sdk/default/openharmony/native/llvm' [-Wunused-command-line-argument]
[34/393] Building C object freerdp-root-build/winpr/libwinpr/CMakeFiles/winpr.dir/environment/environment.c.o
clang: warning: argument unused during compilation: '--gcc-toolchain=/Applications/DevEco-Studio.app/Contents/sdk/default/openharmony/native/llvm' [-Wunused-command-line-argument]
[35/393] Building C object freerdp-root-build/winpr/libwinpr/CMakeFiles/winpr.dir/registry/registry.c.o
clang: warning: argument unused during compilation: '--gcc-toolchain=/Applications/DevEco-Studio.app/Contents/sdk/default/openharmony/native/llvm' [-Wunused-command-line-argument]
[36/393] Building C object freerdp-root-build/winpr/libwinpr/CMakeFiles/winpr.dir/registry/registry_reg.c.o
clang: warning: argument unused during compilation: '--gcc-toolchain=/Applications/DevEco-Studio.app/Contents/sdk/default/openharmony/native/llvm' [-Wunused-command-line-argument]
[37/393] Building C object freerdp-root-build/winpr/libwinpr/CMakeFiles/winpr.dir/io/io.c.o
clang: warning: argument unused during compilation: '--gcc-toolchain=/Applications/DevEco-Studio.app/Contents/sdk/default/openharmony/native/llvm' [-Wunused-command-line-argument]
[38/393] Building C object freerdp-root-build/winpr/libwinpr/CMakeFiles/winpr.dir/path/shell.c.o
clang: warning: argument unused during compilation: '--gcc-toolchain=/Applications/DevEco-Studio.app/Contents/sdk/default/openharmony/native/llvm' [-Wunused-command-line-argument]
[39/393] Building C object freerdp-root-build/winpr/libwinpr/CMakeFiles/winpr.dir/ncrypt/ncrypt.c.o
clang: warning: argument unused during compilation: '--gcc-toolchain=/Applications/DevEco-Studio.app/Contents/sdk/default/openharmony/native/llvm' [-Wunused-command-line-argument]
[40/393] Building C object freerdp-root-build/winpr/libwinpr/CMakeFiles/winpr.dir/crypto/rand.c.o
clang: warning: argument unused during compilation: '--gcc-toolchain=/Applications/DevEco-Studio.app/Contents/sdk/default/openharmony/native/llvm' [-Wunused-command-line-argument]
[41/393] Building C object freerdp-root-build/winpr/libwinpr/CMakeFiles/winpr.dir/memory/memory.c.o
clang: warning: argument unused during compilation: '--gcc-toolchain=/Applications/DevEco-Studio.app/Contents/sdk/default/openharmony/native/llvm' [-Wunused-command-line-argument]
[42/393] Building C object freerdp-root-build/winpr/libwinpr/CMakeFiles/winpr.dir/input/virtualkey.c.o
clang: warning: argument unused during compilation: '--gcc-toolchain=/Applications/DevEco-Studio.app/Contents/sdk/default/openharmony/native/llvm' [-Wunused-command-line-argument]
[43/393] Building C object freerdp-root-build/winpr/libwinpr/CMakeFiles/winpr.dir/crypto/hash.c.o
clang: warning: argument unused during compilation: '--gcc-toolchain=/Applications/DevEco-Studio.app/Contents/sdk/default/openharmony/native/llvm' [-Wunused-command-line-argument]
[44/393] Building C object freerdp-root-build/winpr/libwinpr/CMakeFiles/winpr.dir/crypto/cipher.c.o
clang: warning: argument unused during compilation: '--gcc-toolchain=/Applications/DevEco-Studio.app/Contents/sdk/default/openharmony/native/llvm' [-Wunused-command-line-argument]
[45/393] Building C object freerdp-root-build/winpr/libwinpr/CMakeFiles/winpr.dir/input/scancode.c.o
clang: warning: argument unused during compilation: '--gcc-toolchain=/Applications/DevEco-Studio.app/Contents/sdk/default/openharmony/native/llvm' [-Wunused-command-line-argument]
[46/393] Building C object freerdp-root-build/winpr/libwinpr/CMakeFiles/winpr.dir/input/keycode.c.o
clang: warning: argument unused during compilation: '--gcc-toolchain=/Applications/DevEco-Studio.app/Contents/sdk/default/openharmony/native/llvm' [-Wunused-command-line-argument]
[47/393] Building C object freerdp-root-build/winpr/libwinpr/CMakeFiles/winpr.dir/utils/json/json-stub.c.o
clang: warning: argument unused during compilation: '--gcc-toolchain=/Applications/DevEco-Studio.app/Contents/sdk/default/openharmony/native/llvm' [-Wunused-command-line-argument]
[48/393] Building C object freerdp-root-build/winpr/libwinpr/CMakeFiles/winpr.dir/utils/atexit.c.o
clang: warning: argument unused during compilation: '--gcc-toolchain=/Applications/DevEco-Studio.app/Contents/sdk/default/openharmony/native/llvm' [-Wunused-command-line-argument]
[49/393] Building C object freerdp-root-build/winpr/libwinpr/CMakeFiles/winpr.dir/path/path.c.o
clang: warning: argument unused during compilation: '--gcc-toolchain=/Applications/DevEco-Studio.app/Contents/sdk/default/openharmony/native/llvm' [-Wunused-command-line-argument]
[50/393] Building C object freerdp-root-build/winpr/libwinpr/CMakeFiles/winpr.dir/utils/json/json.c.o
clang: warning: argument unused during compilation: '--gcc-toolchain=/Applications/DevEco-Studio.app/Contents/sdk/default/openharmony/native/llvm' [-Wunused-command-line-argument]
[51/393] Building C object freerdp-root-build/winpr/libwinpr/CMakeFiles/winpr.dir/shell/shell.c.o
clang: warning: argument unused during compilation: '--gcc-toolchain=/Applications/DevEco-Studio.app/Contents/sdk/default/openharmony/native/llvm' [-Wunused-command-line-argument]
[52/393] Building C object freerdp-root-build/winpr/libwinpr/CMakeFiles/winpr.dir/ncrypt/ncrypt_pkcs11.c.o
clang: warning: argument unused during compilation: '--gcc-toolchain=/Applications/DevEco-Studio.app/Contents/sdk/default/openharmony/native/llvm' [-Wunused-command-line-argument]
[53/393] Building C object freerdp-root-build/winpr/libwinpr/CMakeFiles/winpr.dir/utils/ini.c.o
clang: warning: argument unused during compilation: '--gcc-toolchain=/Applications/DevEco-Studio.app/Contents/sdk/default/openharmony/native/llvm' [-Wunused-command-line-argument]
[54/393] Building C object freerdp-root-build/winpr/libwinpr/CMakeFiles/winpr.dir/utils/debug.c.o
clang: warning: argument unused during compilation: '--gcc-toolchain=/Applications/DevEco-Studio.app/Contents/sdk/default/openharmony/native/llvm' [-Wunused-command-line-argument]
[55/393] Building C object freerdp-root-build/winpr/libwinpr/CMakeFiles/winpr.dir/utils/strlst.c.o
clang: warning: argument unused during compilation: '--gcc-toolchain=/Applications/DevEco-Studio.app/Contents/sdk/default/openharmony/native/llvm' [-Wunused-command-line-argument]
[56/393] Building C object freerdp-root-build/winpr/libwinpr/CMakeFiles/winpr.dir/utils/ntlm.c.o
clang: warning: argument unused during compilation: '--gcc-toolchain=/Applications/DevEco-Studio.app/Contents/sdk/default/openharmony/native/llvm' [-Wunused-command-line-argument]
[57/393] Building C object freerdp-root-build/winpr/libwinpr/CMakeFiles/winpr.dir/utils/print.c.o
clang: warning: argument unused during compilation: '--gcc-toolchain=/Applications/DevEco-Studio.app/Contents/sdk/default/openharmony/native/llvm' [-Wunused-command-line-argument]
[58/393] Building C object freerdp-root-build/winpr/libwinpr/CMakeFiles/winpr.dir/utils/execinfo/debug.c.o
clang: warning: argument unused during compilation: '--gcc-toolchain=/Applications/DevEco-Studio.app/Contents/sdk/default/openharmony/native/llvm' [-Wunused-command-line-argument]
[59/393] Building C object freerdp-root-build/winpr/libwinpr/CMakeFiles/winpr.dir/utils/sam.c.o
clang: warning: argument unused during compilation: '--gcc-toolchain=/Applications/DevEco-Studio.app/Contents/sdk/default/openharmony/native/llvm' [-Wunused-command-line-argument]
[60/393] Building C object freerdp-root-build/winpr/libwinpr/CMakeFiles/winpr.dir/utils/unwind/debug.c.o
clang: warning: argument unused during compilation: '--gcc-toolchain=/Applications/DevEco-Studio.app/Contents/sdk/default/openharmony/native/llvm' [-Wunused-command-line-argument]
[61/393] Building C object freerdp-root-build/winpr/libwinpr/CMakeFiles/winpr.dir/utils/collections/Object.c.o
clang: warning: argument unused during compilation: '--gcc-toolchain=/Applications/DevEco-Studio.app/Contents/sdk/default/openharmony/native/llvm' [-Wunused-command-line-argument]
[62/393] Building C object freerdp-root-build/winpr/libwinpr/CMakeFiles/winpr.dir/utils/winpr.c.o
clang: warning: argument unused during compilation: '--gcc-toolchain=/Applications/DevEco-Studio.app/Contents/sdk/default/openharmony/native/llvm' [-Wunused-command-line-argument]
[63/393] Building C object freerdp-root-build/winpr/libwinpr/CMakeFiles/winpr.dir/utils/stream.c.o
clang: warning: argument unused during compilation: '--gcc-toolchain=/Applications/DevEco-Studio.app/Contents/sdk/default/openharmony/native/llvm' [-Wunused-command-line-argument]
[64/393] Building C object freerdp-root-build/winpr/libwinpr/CMakeFiles/winpr.dir/utils/cmdline.c.o
clang: warning: argument unused during compilation: '--gcc-toolchain=/Applications/DevEco-Studio.app/Contents/sdk/default/openharmony/native/llvm' [-Wunused-command-line-argument]
[65/393] Building C object freerdp-root-build/winpr/libwinpr/CMakeFiles/winpr.dir/utils/collections/Queue.c.o
clang: warning: argument unused during compilation: '--gcc-toolchain=/Applications/DevEco-Studio.app/Contents/sdk/default/openharmony/native/llvm' [-Wunused-command-line-argument]
[66/393] Building C object freerdp-root-build/winpr/libwinpr/CMakeFiles/winpr.dir/utils/collections/Stack.c.o
clang: warning: argument unused during compilation: '--gcc-toolchain=/Applications/DevEco-Studio.app/Contents/sdk/default/openharmony/native/llvm' [-Wunused-command-line-argument]
[67/393] Building C object freerdp-root-build/winpr/libwinpr/CMakeFiles/winpr.dir/utils/collections/BitStream.c.o
clang: warning: argument unused during compilation: '--gcc-toolchain=/Applications/DevEco-Studio.app/Contents/sdk/default/openharmony/native/llvm' [-Wunused-command-line-argument]
[68/393] Building C object freerdp-root-build/winpr/libwinpr/CMakeFiles/winpr.dir/utils/image.c.o
clang: warning: argument unused during compilation: '--gcc-toolchain=/Applications/DevEco-Studio.app/Contents/sdk/default/openharmony/native/llvm' [-Wunused-command-line-argument]
[69/393] Building C object freerdp-root-build/winpr/libwinpr/CMakeFiles/winpr.dir/utils/collections/PubSub.c.o
clang: warning: argument unused during compilation: '--gcc-toolchain=/Applications/DevEco-Studio.app/Contents/sdk/default/openharmony/native/llvm' [-Wunused-command-line-argument]
[70/393] Building C object freerdp-root-build/winpr/libwinpr/CMakeFiles/winpr.dir/utils/collections/ArrayList.c.o
clang: warning: argument unused during compilation: '--gcc-toolchain=/Applications/DevEco-Studio.app/Contents/sdk/default/openharmony/native/llvm' [-Wunused-command-line-argument]
[71/393] Building C object freerdp-root-build/winpr/libwinpr/CMakeFiles/winpr.dir/utils/collections/LinkedList.c.o
clang: warning: argument unused during compilation: '--gcc-toolchain=/Applications/DevEco-Studio.app/Contents/sdk/default/openharmony/native/llvm' [-Wunused-command-line-argument]
[72/393] Building C object freerdp-root-build/winpr/libwinpr/CMakeFiles/winpr.dir/utils/collections/CountdownEvent.c.o
clang: warning: argument unused during compilation: '--gcc-toolchain=/Applications/DevEco-Studio.app/Contents/sdk/default/openharmony/native/llvm' [-Wunused-command-line-argument]
[73/393] Building C object freerdp-root-build/winpr/libwinpr/CMakeFiles/winpr.dir/utils/collections/ListDictionary.c.o
clang: warning: argument unused during compilation: '--gcc-toolchain=/Applications/DevEco-Studio.app/Contents/sdk/default/openharmony/native/llvm' [-Wunused-command-line-argument]
[74/393] Building C object freerdp-root-build/winpr/libwinpr/CMakeFiles/winpr.dir/utils/collections/ObjectPool.c.o
clang: warning: argument unused during compilation: '--gcc-toolchain=/Applications/DevEco-Studio.app/Contents/sdk/default/openharmony/native/llvm' [-Wunused-command-line-argument]
[75/393] Building C object freerdp-root-build/winpr/libwinpr/CMakeFiles/winpr.dir/utils/collections/StreamPool.c.o
clang: warning: argument unused during compilation: '--gcc-toolchain=/Applications/DevEco-Studio.app/Contents/sdk/default/openharmony/native/llvm' [-Wunused-command-line-argument]
[76/393] Building C object freerdp-root-build/winpr/libwinpr/CMakeFiles/winpr.dir/utils/collections/HashTable.c.o
clang: warning: argument unused during compilation: '--gcc-toolchain=/Applications/DevEco-Studio.app/Contents/sdk/default/openharmony/native/llvm' [-Wunused-command-line-argument]
[77/393] Building C object freerdp-root-build/winpr/libwinpr/CMakeFiles/winpr.dir/utils/wlog/Message.c.o
clang: warning: argument unused during compilation: '--gcc-toolchain=/Applications/DevEco-Studio.app/Contents/sdk/default/openharmony/native/llvm' [-Wunused-command-line-argument]
[78/393] Building C object freerdp-root-build/winpr/libwinpr/CMakeFiles/winpr.dir/utils/wlog/ImageMessage.c.o
clang: warning: argument unused during compilation: '--gcc-toolchain=/Applications/DevEco-Studio.app/Contents/sdk/default/openharmony/native/llvm' [-Wunused-command-line-argument]
[79/393] Building C object freerdp-root-build/winpr/libwinpr/CMakeFiles/winpr.dir/utils/collections/BufferPool.c.o
clang: warning: argument unused during compilation: '--gcc-toolchain=/Applications/DevEco-Studio.app/Contents/sdk/default/openharmony/native/llvm' [-Wunused-command-line-argument]
[80/393] Building C object freerdp-root-build/winpr/libwinpr/CMakeFiles/winpr.dir/utils/wlog/DataMessage.c.o
clang: warning: argument unused during compilation: '--gcc-toolchain=/Applications/DevEco-Studio.app/Contents/sdk/default/openharmony/native/llvm' [-Wunused-command-line-argument]
[81/393] Building C object freerdp-root-build/winpr/libwinpr/CMakeFiles/winpr.dir/utils/collections/MessagePipe.c.o
clang: warning: argument unused during compilation: '--gcc-toolchain=/Applications/DevEco-Studio.app/Contents/sdk/default/openharmony/native/llvm' [-Wunused-command-line-argument]
[82/393] Building C object freerdp-root-build/winpr/libwinpr/CMakeFiles/winpr.dir/utils/wlog/Layout.c.o
clang: warning: argument unused during compilation: '--gcc-toolchain=/Applications/DevEco-Studio.app/Contents/sdk/default/openharmony/native/llvm' [-Wunused-command-line-argument]
[83/393] Building C object freerdp-root-build/winpr/libwinpr/CMakeFiles/winpr.dir/utils/collections/MessageQueue.c.o
clang: warning: argument unused during compilation: '--gcc-toolchain=/Applications/DevEco-Studio.app/Contents/sdk/default/openharmony/native/llvm' [-Wunused-command-line-argument]
[84/393] Building C object freerdp-root-build/winpr/libwinpr/CMakeFiles/winpr.dir/utils/wlog/Appender.c.o
clang: warning: argument unused during compilation: '--gcc-toolchain=/Applications/DevEco-Studio.app/Contents/sdk/default/openharmony/native/llvm' [-Wunused-command-line-argument]
[85/393] Building C object freerdp-root-build/winpr/libwinpr/CMakeFiles/winpr.dir/utils/wlog/FileAppender.c.o
clang: warning: argument unused during compilation: '--gcc-toolchain=/Applications/DevEco-Studio.app/Contents/sdk/default/openharmony/native/llvm' [-Wunused-command-line-argument]
[86/393] Building C object freerdp-root-build/winpr/libwinpr/CMakeFiles/winpr.dir/utils/ssl.c.o
clang: warning: argument unused during compilation: '--gcc-toolchain=/Applications/DevEco-Studio.app/Contents/sdk/default/openharmony/native/llvm' [-Wunused-command-line-argument]
[87/393] Building C object freerdp-root-build/winpr/libwinpr/CMakeFiles/winpr.dir/utils/wlog/CallbackAppender.c.o
clang: warning: argument unused during compilation: '--gcc-toolchain=/Applications/DevEco-Studio.app/Contents/sdk/default/openharmony/native/llvm' [-Wunused-command-line-argument]
[88/393] Building C object freerdp-root-build/winpr/libwinpr/CMakeFiles/winpr.dir/utils/wlog/wlog.c.o
clang: warning: argument unused during compilation: '--gcc-toolchain=/Applications/DevEco-Studio.app/Contents/sdk/default/openharmony/native/llvm' [-Wunused-command-line-argument]
[89/393] Building C object freerdp-root-build/winpr/libwinpr/CMakeFiles/winpr.dir/utils/wlog/ConsoleAppender.c.o
clang: warning: argument unused during compilation: '--gcc-toolchain=/Applications/DevEco-Studio.app/Contents/sdk/default/openharmony/native/llvm' [-Wunused-command-line-argument]
[90/393] Building C object freerdp-root-build/winpr/libwinpr/CMakeFiles/winpr.dir/utils/wlog/BinaryAppender.c.o
clang: warning: argument unused during compilation: '--gcc-toolchain=/Applications/DevEco-Studio.app/Contents/sdk/default/openharmony/native/llvm' [-Wunused-command-line-argument]
[91/393] Building C object freerdp-root-build/winpr/libwinpr/CMakeFiles/winpr.dir/timezone/WindowsZones.c.o
clang: warning: argument unused during compilation: '--gcc-toolchain=/Applications/DevEco-Studio.app/Contents/sdk/default/openharmony/native/llvm' [-Wunused-command-line-argument]
[92/393] Building C object freerdp-root-build/winpr/libwinpr/CMakeFiles/winpr.dir/utils/wlog/SyslogAppender.c.o
clang: warning: argument unused during compilation: '--gcc-toolchain=/Applications/DevEco-Studio.app/Contents/sdk/default/openharmony/native/llvm' [-Wunused-command-line-argument]
[93/393] Building C object freerdp-root-build/winpr/libwinpr/CMakeFiles/winpr.dir/error/error.c.o
clang: warning: argument unused during compilation: '--gcc-toolchain=/Applications/DevEco-Studio.app/Contents/sdk/default/openharmony/native/llvm' [-Wunused-command-line-argument]
[94/393] Building C object freerdp-root-build/winpr/libwinpr/CMakeFiles/winpr.dir/utils/wlog/UdpAppender.c.o
clang: warning: argument unused during compilation: '--gcc-toolchain=/Applications/DevEco-Studio.app/Contents/sdk/default/openharmony/native/llvm' [-Wunused-command-line-argument]
[95/393] Building C object freerdp-root-build/winpr/libwinpr/CMakeFiles/winpr.dir/pool/timer.c.o
clang: warning: argument unused during compilation: '--gcc-toolchain=/Applications/DevEco-Studio.app/Contents/sdk/default/openharmony/native/llvm' [-Wunused-command-line-argument]
[96/393] Building C object freerdp-root-build/winpr/libwinpr/CMakeFiles/winpr.dir/timezone/TimeZoneIanaAbbrevMap.c.o
clang: warning: argument unused during compilation: '--gcc-toolchain=/Applications/DevEco-Studio.app/Contents/sdk/default/openharmony/native/llvm' [-Wunused-command-line-argument]
[97/393] Building C object freerdp-root-build/winpr/libwinpr/CMakeFiles/winpr.dir/pool/synch.c.o
clang: warning: argument unused during compilation: '--gcc-toolchain=/Applications/DevEco-Studio.app/Contents/sdk/default/openharmony/native/llvm' [-Wunused-command-line-argument]
[98/393] Building C object freerdp-root-build/winpr/libwinpr/CMakeFiles/winpr.dir/timezone/timezone.c.o
clang: warning: argument unused during compilation: '--gcc-toolchain=/Applications/DevEco-Studio.app/Contents/sdk/default/openharmony/native/llvm' [-Wunused-command-line-argument]
[99/393] Building C object freerdp-root-build/winpr/libwinpr/CMakeFiles/winpr.dir/pool/cleanup_group.c.o
clang: warning: argument unused during compilation: '--gcc-toolchain=/Applications/DevEco-Studio.app/Contents/sdk/default/openharmony/native/llvm' [-Wunused-command-line-argument]
[100/393] Building C object freerdp-root-build/winpr/libwinpr/CMakeFiles/winpr.dir/pool/io.c.o
clang: warning: argument unused during compilation: '--gcc-toolchain=/Applications/DevEco-Studio.app/Contents/sdk/default/openharmony/native/llvm' [-Wunused-command-line-argument]
[101/393] Building C object freerdp-root-build/winpr/libwinpr/CMakeFiles/winpr.dir/pool/callback.c.o
clang: warning: argument unused during compilation: '--gcc-toolchain=/Applications/DevEco-Studio.app/Contents/sdk/default/openharmony/native/llvm' [-Wunused-command-line-argument]
[102/393] Building C object freerdp-root-build/winpr/libwinpr/CMakeFiles/winpr.dir/sysinfo/sysinfo.c.o
clang: warning: argument unused during compilation: '--gcc-toolchain=/Applications/DevEco-Studio.app/Contents/sdk/default/openharmony/native/llvm' [-Wunused-command-line-argument]
[103/393] Building C object freerdp-root-build/winpr/libwinpr/CMakeFiles/winpr.dir/pool/pool.c.o
clang: warning: argument unused during compilation: '--gcc-toolchain=/Applications/DevEco-Studio.app/Contents/sdk/default/openharmony/native/llvm' [-Wunused-command-line-argument]
[104/393] Building C object freerdp-root-build/winpr/libwinpr/CMakeFiles/winpr.dir/timezone/TimeZoneNameMapUtils.c.o
clang: warning: argument unused during compilation: '--gcc-toolchain=/Applications/DevEco-Studio.app/Contents/sdk/default/openharmony/native/llvm' [-Wunused-command-line-argument]
[105/393] Building C object freerdp-root-build/winpr/libwinpr/CMakeFiles/winpr.dir/handle/nonehandle.c.o
clang: warning: argument unused during compilation: '--gcc-toolchain=/Applications/DevEco-Studio.app/Contents/sdk/default/openharmony/native/llvm' [-Wunused-command-line-argument]
[106/393] Building C object freerdp-root-build/winpr/libwinpr/CMakeFiles/winpr.dir/thread/argv.c.o
clang: warning: argument unused during compilation: '--gcc-toolchain=/Applications/DevEco-Studio.app/Contents/sdk/default/openharmony/native/llvm' [-Wunused-command-line-argument]
[107/393] Building C object freerdp-root-build/winpr/libwinpr/CMakeFiles/winpr.dir/utils/wlog/PacketMessage.c.o
clang: warning: argument unused during compilation: '--gcc-toolchain=/Applications/DevEco-Studio.app/Contents/sdk/default/openharmony/native/llvm' [-Wunused-command-line-argument]
[108/393] Building C object freerdp-root-build/winpr/libwinpr/CMakeFiles/winpr.dir/pool/work.c.o
clang: warning: argument unused during compilation: '--gcc-toolchain=/Applications/DevEco-Studio.app/Contents/sdk/default/openharmony/native/llvm' [-Wunused-command-line-argument]
[109/393] Building C object freerdp-root-build/winpr/libwinpr/CMakeFiles/winpr.dir/thread/tls.c.o
clang: warning: argument unused during compilation: '--gcc-toolchain=/Applications/DevEco-Studio.app/Contents/sdk/default/openharmony/native/llvm' [-Wunused-command-line-argument]
[110/393] Building C object freerdp-root-build/winpr/libwinpr/CMakeFiles/winpr.dir/thread/processor.c.o
clang: warning: argument unused during compilation: '--gcc-toolchain=/Applications/DevEco-Studio.app/Contents/sdk/default/openharmony/native/llvm' [-Wunused-command-line-argument]
[111/393] Building C object freerdp-root-build/winpr/libwinpr/CMakeFiles/winpr.dir/pool/callback_cleanup.c.o
clang: warning: argument unused during compilation: '--gcc-toolchain=/Applications/DevEco-Studio.app/Contents/sdk/default/openharmony/native/llvm' [-Wunused-command-line-argument]
[112/393] Building C object freerdp-root-build/winpr/libwinpr/CMakeFiles/winpr.dir/thread/apc.c.o
clang: warning: argument unused during compilation: '--gcc-toolchain=/Applications/DevEco-Studio.app/Contents/sdk/default/openharmony/native/llvm' [-Wunused-command-line-argument]
[113/393] Building C object freerdp-root-build/winpr/libwinpr/CMakeFiles/winpr.dir/handle/handle.c.o
clang: warning: argument unused during compilation: '--gcc-toolchain=/Applications/DevEco-Studio.app/Contents/sdk/default/openharmony/native/llvm' [-Wunused-command-line-argument]
[114/393] Building C object freerdp-root-build/winpr/libwinpr/CMakeFiles/winpr.dir/thread/process.c.o
clang: warning: argument unused during compilation: '--gcc-toolchain=/Applications/DevEco-Studio.app/Contents/sdk/default/openharmony/native/llvm' [-Wunused-command-line-argument]
[115/393] Building C object freerdp-root-build/winpr/libwinpr/CMakeFiles/winpr.dir/winsock/winsock.c.o
clang: warning: argument unused during compilation: '--gcc-toolchain=/Applications/DevEco-Studio.app/Contents/sdk/default/openharmony/native/llvm' [-Wunused-command-line-argument]
[116/393] Building C object freerdp-root-build/winpr/libwinpr/CMakeFiles/winpr.dir/sspi/sspi_export.c.o
clang: warning: argument unused during compilation: '--gcc-toolchain=/Applications/DevEco-Studio.app/Contents/sdk/default/openharmony/native/llvm' [-Wunused-command-line-argument]
[117/393] Building C object freerdp-root-build/winpr/libwinpr/CMakeFiles/winpr.dir/sspi/CredSSP/credssp.c.o
clang: warning: argument unused during compilation: '--gcc-toolchain=/Applications/DevEco-Studio.app/Contents/sdk/default/openharmony/native/llvm' [-Wunused-command-line-argument]
[118/393] Building C object freerdp-root-build/winpr/libwinpr/CMakeFiles/winpr.dir/utils/asn1/asn1.c.o
clang: warning: argument unused during compilation: '--gcc-toolchain=/Applications/DevEco-Studio.app/Contents/sdk/default/openharmony/native/llvm' [-Wunused-command-line-argument]
[119/393] Building C object freerdp-root-build/winpr/libwinpr/CMakeFiles/winpr.dir/crt/conversion.c.o
clang: warning: argument unused during compilation: '--gcc-toolchain=/Applications/DevEco-Studio.app/Contents/sdk/default/openharmony/native/llvm' [-Wunused-command-line-argument]
[120/393] Building C object freerdp-root-build/winpr/libwinpr/CMakeFiles/winpr.dir/crt/buffer.c.o
clang: warning: argument unused during compilation: '--gcc-toolchain=/Applications/DevEco-Studio.app/Contents/sdk/default/openharmony/native/llvm' [-Wunused-command-line-argument]
[121/393] Building C object freerdp-root-build/winpr/libwinpr/CMakeFiles/winpr.dir/crt/alignment.c.o
clang: warning: argument unused during compilation: '--gcc-toolchain=/Applications/DevEco-Studio.app/Contents/sdk/default/openharmony/native/llvm' [-Wunused-command-line-argument]
[122/393] Building C object freerdp-root-build/winpr/libwinpr/CMakeFiles/winpr.dir/crt/memory.c.o
clang: warning: argument unused during compilation: '--gcc-toolchain=/Applications/DevEco-Studio.app/Contents/sdk/default/openharmony/native/llvm' [-Wunused-command-line-argument]
[123/393] Building C object freerdp-root-build/winpr/libwinpr/CMakeFiles/winpr.dir/thread/thread.c.o
clang: warning: argument unused during compilation: '--gcc-toolchain=/Applications/DevEco-Studio.app/Contents/sdk/default/openharmony/native/llvm' [-Wunused-command-line-argument]
[124/393] Building C object freerdp-root-build/winpr/libwinpr/CMakeFiles/winpr.dir/sspi/Kerberos/kerberos.c.o
clang: warning: argument unused during compilation: '--gcc-toolchain=/Applications/DevEco-Studio.app/Contents/sdk/default/openharmony/native/llvm' [-Wunused-command-line-argument]
[125/393] Building C object freerdp-root-build/winpr/libwinpr/CMakeFiles/winpr.dir/sspicli/sspicli.c.o
clang: warning: argument unused during compilation: '--gcc-toolchain=/Applications/DevEco-Studio.app/Contents/sdk/default/openharmony/native/llvm' [-Wunused-command-line-argument]
[126/393] Building C object freerdp-root-build/winpr/libwinpr/CMakeFiles/winpr.dir/sspi/NTLM/ntlm_av_pairs.c.o
clang: warning: argument unused during compilation: '--gcc-toolchain=/Applications/DevEco-Studio.app/Contents/sdk/default/openharmony/native/llvm' [-Wunused-command-line-argument]
[127/393] Building C object freerdp-root-build/winpr/libwinpr/CMakeFiles/winpr.dir/sspi/Schannel/schannel.c.o
clang: warning: argument unused during compilation: '--gcc-toolchain=/Applications/DevEco-Studio.app/Contents/sdk/default/openharmony/native/llvm' [-Wunused-command-line-argument]
[128/393] Building C object freerdp-root-build/winpr/libwinpr/CMakeFiles/winpr.dir/crt/string.c.o
clang: warning: argument unused during compilation: '--gcc-toolchain=/Applications/DevEco-Studio.app/Contents/sdk/default/openharmony/native/llvm' [-Wunused-command-line-argument]
[129/393] Building C object freerdp-root-build/winpr/libwinpr/CMakeFiles/winpr.dir/sspi/sspi.c.o
clang: warning: argument unused during compilation: '--gcc-toolchain=/Applications/DevEco-Studio.app/Contents/sdk/default/openharmony/native/llvm' [-Wunused-command-line-argument]
[130/393] Building C object freerdp-root-build/winpr/libwinpr/CMakeFiles/winpr.dir/crt/unicode.c.o
clang: warning: argument unused during compilation: '--gcc-toolchain=/Applications/DevEco-Studio.app/Contents/sdk/default/openharmony/native/llvm' [-Wunused-command-line-argument]
[131/393] Building C object freerdp-root-build/winpr/libwinpr/CMakeFiles/winpr.dir/sspi/NTLM/ntlm_message.c.o
clang: warning: argument unused during compilation: '--gcc-toolchain=/Applications/DevEco-Studio.app/Contents/sdk/default/openharmony/native/llvm' [-Wunused-command-line-argument]
[132/393] Building C object freerdp-root-build/winpr/libwinpr/CMakeFiles/winpr.dir/crt/assert.c.o
clang: warning: argument unused during compilation: '--gcc-toolchain=/Applications/DevEco-Studio.app/Contents/sdk/default/openharmony/native/llvm' [-Wunused-command-line-argument]
[133/393] Building C object freerdp-root-build/winpr/libwinpr/CMakeFiles/winpr.dir/sspi/sspi_gss.c.o
clang: warning: argument unused during compilation: '--gcc-toolchain=/Applications/DevEco-Studio.app/Contents/sdk/default/openharmony/native/llvm' [-Wunused-command-line-argument]
[134/393] Building C object freerdp-root-build/winpr/libwinpr/CMakeFiles/winpr.dir/dsparse/dsparse.c.o
clang: warning: argument unused during compilation: '--gcc-toolchain=/Applications/DevEco-Studio.app/Contents/sdk/default/openharmony/native/llvm' [-Wunused-command-line-argument]
[135/393] Building C object freerdp-root-build/winpr/libwinpr/CMakeFiles/winpr.dir/crt/unicode_builtin.c.o
clang: warning: argument unused during compilation: '--gcc-toolchain=/Applications/DevEco-Studio.app/Contents/sdk/default/openharmony/native/llvm' [-Wunused-command-line-argument]
[136/393] Building C object freerdp-root-build/winpr/libwinpr/CMakeFiles/winpr.dir/bcrypt/bcrypt.c.o
clang: warning: argument unused during compilation: '--gcc-toolchain=/Applications/DevEco-Studio.app/Contents/sdk/default/openharmony/native/llvm' [-Wunused-command-line-argument]
[137/393] Building C object freerdp-root-build/winpr/libwinpr/CMakeFiles/winpr.dir/sspi/NTLM/ntlm_compute.c.o
clang: warning: argument unused during compilation: '--gcc-toolchain=/Applications/DevEco-Studio.app/Contents/sdk/default/openharmony/native/llvm' [-Wunused-command-line-argument]
[138/393] Building C object freerdp-root-build/winpr/libwinpr/CMakeFiles/winpr.dir/sspi/Negotiate/negotiate.c.o
clang: warning: argument unused during compilation: '--gcc-toolchain=/Applications/DevEco-Studio.app/Contents/sdk/default/openharmony/native/llvm' [-Wunused-command-line-argument]
[139/393] Building C object freerdp-root-build/winpr/libwinpr/CMakeFiles/winpr.dir/wtsapi/wtsapi.c.o
clang: warning: argument unused during compilation: '--gcc-toolchain=/Applications/DevEco-Studio.app/Contents/sdk/default/openharmony/native/llvm' [-Wunused-command-line-argument]
[140/393] Building C object freerdp-root-build/winpr/libwinpr/CMakeFiles/winpr.dir/sspi/NTLM/ntlm.c.o
clang: warning: argument unused during compilation: '--gcc-toolchain=/Applications/DevEco-Studio.app/Contents/sdk/default/openharmony/native/llvm' [-Wunused-command-line-argument]
[141/393] Building C object freerdp-root-build/winpr/libwinpr/CMakeFiles/winpr.dir/sspi/sspi_winpr.c.o
clang: warning: argument unused during compilation: '--gcc-toolchain=/Applications/DevEco-Studio.app/Contents/sdk/default/openharmony/native/llvm' [-Wunused-command-line-argument]
[142/393] Building C object freerdp-root-build/winpr/libwinpr/CMakeFiles/winpr.dir/nt/nt.c.o
clang: warning: argument unused during compilation: '--gcc-toolchain=/Applications/DevEco-Studio.app/Contents/sdk/default/openharmony/native/llvm' [-Wunused-command-line-argument]
[143/393] Building C object freerdp-root-build/winpr/libwinpr/CMakeFiles/winpr.dir/rpc/rpc.c.o
clang: warning: argument unused during compilation: '--gcc-toolchain=/Applications/DevEco-Studio.app/Contents/sdk/default/openharmony/native/llvm' [-Wunused-command-line-argument]
[144/393] Building C object freerdp-root-build/winpr/libwinpr/CMakeFiles/winpr.dir/clipboard/clipboard.c.o
clang: warning: argument unused during compilation: '--gcc-toolchain=/Applications/DevEco-Studio.app/Contents/sdk/default/openharmony/native/llvm' [-Wunused-command-line-argument]
[145/393] Building C object freerdp-root-build/winpr/libwinpr/CMakeFiles/winpr.dir/nt/ntstatus.c.o
clang: warning: argument unused during compilation: '--gcc-toolchain=/Applications/DevEco-Studio.app/Contents/sdk/default/openharmony/native/llvm' [-Wunused-command-line-argument]
[146/393] Building C object freerdp-root-build/libfreerdp/CMakeFiles/freerdp.dir/emu/scard/FreeRDP.ico.c.o
clang: warning: argument unused during compilation: '--gcc-toolchain=/Applications/DevEco-Studio.app/Contents/sdk/default/openharmony/native/llvm' [-Wunused-command-line-argument]
[147/393] Building C object freerdp-root-build/winpr/libwinpr/CMakeFiles/winpr.dir/sspi/Schannel/schannel_openssl.c.o
clang: warning: argument unused during compilation: '--gcc-toolchain=/Applications/DevEco-Studio.app/Contents/sdk/default/openharmony/native/llvm' [-Wunused-command-line-argument]
[148/393] Building C object freerdp-root-build/winpr/libwinpr/CMakeFiles/winpr.dir/clipboard/synthetic.c.o
clang: warning: argument unused during compilation: '--gcc-toolchain=/Applications/DevEco-Studio.app/Contents/sdk/default/openharmony/native/llvm' [-Wunused-command-line-argument]
[149/393] Building C object freerdp-root-build/winpr/libwinpr/CMakeFiles/winpr.dir/clipboard/synthetic_file.c.o
clang: warning: argument unused during compilation: '--gcc-toolchain=/Applications/DevEco-Studio.app/Contents/sdk/default/openharmony/native/llvm' [-Wunused-command-line-argument]
[150/393] Building C object freerdp-root-build/libfreerdp/CMakeFiles/freerdp.dir/utils/encoded_types.c.o
clang: warning: argument unused during compilation: '--gcc-toolchain=/Applications/DevEco-Studio.app/Contents/sdk/default/openharmony/native/llvm' [-Wunused-command-line-argument]
[151/393] Building C object freerdp-root-build/libfreerdp/CMakeFiles/freerdp.dir/utils/ringbuffer.c.o
clang: warning: argument unused during compilation: '--gcc-toolchain=/Applications/DevEco-Studio.app/Contents/sdk/default/openharmony/native/llvm' [-Wunused-command-line-argument]
[152/393] Building C object freerdp-root-build/libfreerdp/CMakeFiles/freerdp.dir/utils/profiler.c.o
clang: warning: argument unused during compilation: '--gcc-toolchain=/Applications/DevEco-Studio.app/Contents/sdk/default/openharmony/native/llvm' [-Wunused-command-line-argument]
[153/393] Building C object freerdp-root-build/libfreerdp/CMakeFiles/freerdp.dir/utils/pcap.c.o
clang: warning: argument unused during compilation: '--gcc-toolchain=/Applications/DevEco-Studio.app/Contents/sdk/default/openharmony/native/llvm' [-Wunused-command-line-argument]
[154/393] Building C object freerdp-root-build/winpr/libwinpr/CMakeFiles/winpr.dir/smartcard/smartcard.c.o
clang: warning: argument unused during compilation: '--gcc-toolchain=/Applications/DevEco-Studio.app/Contents/sdk/default/openharmony/native/llvm' [-Wunused-command-line-argument]
[155/393] Building C object freerdp-root-build/winpr/libwinpr/CMakeFiles/winpr.dir/smartcard/smartcard_pcsc.c.o
clang: warning: argument unused during compilation: '--gcc-toolchain=/Applications/DevEco-Studio.app/Contents/sdk/default/openharmony/native/llvm' [-Wunused-command-line-argument]
[156/393] Building C object freerdp-root-build/libfreerdp/CMakeFiles/freerdp.dir/utils/signal.c.o
clang: warning: argument unused during compilation: '--gcc-toolchain=/Applications/DevEco-Studio.app/Contents/sdk/default/openharmony/native/llvm' [-Wunused-command-line-argument]
[157/393] Building C object freerdp-root-build/libfreerdp/CMakeFiles/freerdp.dir/utils/helpers.c.o
clang: warning: argument unused during compilation: '--gcc-toolchain=/Applications/DevEco-Studio.app/Contents/sdk/default/openharmony/native/llvm' [-Wunused-command-line-argument]
[158/393] Building C object freerdp-root-build/libfreerdp/CMakeFiles/freerdp.dir/utils/cliprdr_utils.c.o
clang: warning: argument unused during compilation: '--gcc-toolchain=/Applications/DevEco-Studio.app/Contents/sdk/default/openharmony/native/llvm' [-Wunused-command-line-argument]
[159/393] Building C object freerdp-root-build/libfreerdp/CMakeFiles/freerdp.dir/utils/rdpdr_utils.c.o
clang: warning: argument unused during compilation: '--gcc-toolchain=/Applications/DevEco-Studio.app/Contents/sdk/default/openharmony/native/llvm' [-Wunused-command-line-argument]
[160/393] Building C object freerdp-root-build/libfreerdp/CMakeFiles/freerdp.dir/utils/gfx.c.o
clang: warning: argument unused during compilation: '--gcc-toolchain=/Applications/DevEco-Studio.app/Contents/sdk/default/openharmony/native/llvm' [-Wunused-command-line-argument]
[161/393] Building C object freerdp-root-build/libfreerdp/CMakeFiles/freerdp.dir/utils/drdynvc.c.o
clang: warning: argument unused during compilation: '--gcc-toolchain=/Applications/DevEco-Studio.app/Contents/sdk/default/openharmony/native/llvm' [-Wunused-command-line-argument]
[162/393] Building C object freerdp-root-build/libfreerdp/CMakeFiles/freerdp.dir/utils/string.c.o
clang: warning: argument unused during compilation: '--gcc-toolchain=/Applications/DevEco-Studio.app/Contents/sdk/default/openharmony/native/llvm' [-Wunused-command-line-argument]
[163/393] Building C object freerdp-root-build/libfreerdp/CMakeFiles/freerdp.dir/utils/signal_posix.c.o
clang: warning: argument unused during compilation: '--gcc-toolchain=/Applications/DevEco-Studio.app/Contents/sdk/default/openharmony/native/llvm' [-Wunused-command-line-argument]
[164/393] Building C object freerdp-root-build/libfreerdp/CMakeFiles/freerdp.dir/common/addin.c.o
clang: warning: argument unused during compilation: '--gcc-toolchain=/Applications/DevEco-Studio.app/Contents/sdk/default/openharmony/native/llvm' [-Wunused-command-line-argument]
[165/393] Building C object freerdp-root-build/libfreerdp/CMakeFiles/freerdp.dir/utils/stopwatch.c.o
clang: warning: argument unused during compilation: '--gcc-toolchain=/Applications/DevEco-Studio.app/Contents/sdk/default/openharmony/native/llvm' [-Wunused-command-line-argument]
[166/393] Building C object freerdp-root-build/libfreerdp/CMakeFiles/freerdp.dir/utils/passphrase.c.o
clang: warning: argument unused during compilation: '--gcc-toolchain=/Applications/DevEco-Studio.app/Contents/sdk/default/openharmony/native/llvm' [-Wunused-command-line-argument]
[167/393] Building C object freerdp-root-build/libfreerdp/CMakeFiles/freerdp.dir/utils/http.c.o
clang: warning: argument unused during compilation: '--gcc-toolchain=/Applications/DevEco-Studio.app/Contents/sdk/default/openharmony/native/llvm' [-Wunused-command-line-argument]
[168/393] Building C object freerdp-root-build/libfreerdp/CMakeFiles/freerdp.dir/utils/smartcard_operations.c.o
clang: warning: argument unused during compilation: '--gcc-toolchain=/Applications/DevEco-Studio.app/Contents/sdk/default/openharmony/native/llvm' [-Wunused-command-line-argument]
[169/393] Building C object freerdp-root-build/libfreerdp/CMakeFiles/freerdp.dir/emu/scard/smartcard_virtual_gids.c.o
clang: warning: argument unused during compilation: '--gcc-toolchain=/Applications/DevEco-Studio.app/Contents/sdk/default/openharmony/native/llvm' [-Wunused-command-line-argument]
[170/393] Building C object freerdp-root-build/libfreerdp/CMakeFiles/freerdp.dir/gdi/brush.c.o
clang: warning: argument unused during compilation: '--gcc-toolchain=/Applications/DevEco-Studio.app/Contents/sdk/default/openharmony/native/llvm' [-Wunused-command-line-argument]
[171/393] Building C object freerdp-root-build/libfreerdp/CMakeFiles/freerdp.dir/gdi/drawing.c.o
clang: warning: argument unused during compilation: '--gcc-toolchain=/Applications/DevEco-Studio.app/Contents/sdk/default/openharmony/native/llvm' [-Wunused-command-line-argument]
[172/393] Building C object freerdp-root-build/libfreerdp/CMakeFiles/freerdp.dir/gdi/dc.c.o
clang: warning: argument unused during compilation: '--gcc-toolchain=/Applications/DevEco-Studio.app/Contents/sdk/default/openharmony/native/llvm' [-Wunused-command-line-argument]
[173/393] Building C object freerdp-root-build/libfreerdp/CMakeFiles/freerdp.dir/common/settings_getters.c.o
clang: warning: argument unused during compilation: '--gcc-toolchain=/Applications/DevEco-Studio.app/Contents/sdk/default/openharmony/native/llvm' [-Wunused-command-line-argument]
/Users/gaord/magic/FreeRDP/libfreerdp/common/settings_getters.c:2022:8: warning: case value not in enumerated type 'FreeRDP_Settings_Keys_UInt32' [-Wswitch]
                case (FreeRDP_Settings_Keys_UInt32)FreeRDP_MonitorLocalShiftX:
                     ^
/Users/gaord/magic/FreeRDP/libfreerdp/common/settings_getters.c:2026:8: warning: case value not in enumerated type 'FreeRDP_Settings_Keys_UInt32' [-Wswitch]
                case (FreeRDP_Settings_Keys_UInt32)FreeRDP_MonitorLocalShiftY:
                     ^
/Users/gaord/magic/FreeRDP/libfreerdp/common/settings_getters.c:2556:8: warning: case value not in enumerated type 'FreeRDP_Settings_Keys_UInt32' [-Wswitch]
                case FreeRDP_MonitorLocalShiftX:
                     ^
/Users/gaord/magic/FreeRDP/libfreerdp/common/settings_getters.c:2561:8: warning: case value not in enumerated type 'FreeRDP_Settings_Keys_UInt32' [-Wswitch]
                case FreeRDP_MonitorLocalShiftY:
                     ^
4 warnings generated.
[174/393] Building C object freerdp-root-build/libfreerdp/CMakeFiles/freerdp.dir/common/settings_str.c.o
clang: warning: argument unused during compilation: '--gcc-toolchain=/Applications/DevEco-Studio.app/Contents/sdk/default/openharmony/native/llvm' [-Wunused-command-line-argument]
[175/393] Building C object freerdp-root-build/libfreerdp/CMakeFiles/freerdp.dir/gdi/bitmap.c.o
clang: warning: argument unused during compilation: '--gcc-toolchain=/Applications/DevEco-Studio.app/Contents/sdk/default/openharmony/native/llvm' [-Wunused-command-line-argument]
[176/393] Building C object freerdp-root-build/libfreerdp/CMakeFiles/freerdp.dir/gdi/clipping.c.o
clang: warning: argument unused during compilation: '--gcc-toolchain=/Applications/DevEco-Studio.app/Contents/sdk/default/openharmony/native/llvm' [-Wunused-command-line-argument]
[177/393] Building CXX object CMakeFiles/freerdp_harmony_bridge.dir/freerdp_session.cpp.o
FAILED: CMakeFiles/freerdp_harmony_bridge.dir/freerdp_session.cpp.o 
/Applications/DevEco-Studio.app/Contents/sdk/default/openharmony/native/llvm/bin/clang++ --target=aarch64-linux-ohos --gcc-toolchain=/Applications/DevEco-Studio.app/Contents/sdk/default/openharmony/native/llvm --sysroot=/Applications/DevEco-Studio.app/Contents/sdk/default/openharmony/native/sysroot -Dfreerdp_harmony_bridge_EXPORTS -I/Applications/DevEco-Studio.app/Contents/sdk/default/hms/native/sysroot/usr/include -I/Users/gaord/magic/FreeRDP/client/Harmony/native -I/Users/gaord/magic/FreeRDP/client/Harmony/native/../../../include -I/Users/gaord/magic/FreeRDP/client/Harmony/native/../../../winpr/include -I/Users/gaord/magic/FreeRDP/client/Harmony/entry/.cxx/default/default/debug/arm64-v8a/freerdp-root-build -I/Users/gaord/magic/FreeRDP/client/Harmony/entry/.cxx/default/default/debug/arm64-v8a/freerdp-root-build/include -I/Users/gaord/magic/FreeRDP/client/Harmony/entry/.cxx/default/default/debug/arm64-v8a/freerdp-root-build/winpr/include -fdata-sections -ffunction-sections -funwind-tables -fstack-protector-strong -no-canonical-prefixes -fno-addrsig -Wa,--noexecstack -Wformat -Werror=format-security   -D__MUSL__ -O0 -g -fno-limit-debug-info  -std=gnu++17 -fPIC -MD -MT CMakeFiles/freerdp_harmony_bridge.dir/freerdp_session.cpp.o -MF CMakeFiles/freerdp_harmony_bridge.dir/freerdp_session.cpp.o.d -o CMakeFiles/freerdp_harmony_bridge.dir/freerdp_session.cpp.o -c /Users/gaord/magic/FreeRDP/client/Harmony/native/freerdp_session.cpp
clang++: warning: argument unused during compilation: '--gcc-toolchain=/Applications/DevEco-Studio.app/Contents/sdk/default/openharmony/native/llvm' [-Wunused-command-line-argument]
/Users/gaord/magic/FreeRDP/client/Harmony/native/freerdp_session.cpp:1467:53: error: invalid operands to binary expression ('const char[38]' and 'const char *')
  HiLogInfo("BuildCommandLineArgs: hasCredentials=" + (hasCredentials ? "true" : "false") +
            ~~~~~~~~~~~~~~~~~~~~~~~~~~~~~~~~~~~~~~~ ^ ~~~~~~~~~~~~~~~~~~~~~~~~~~~~~~~~~~~
1 error generated.
[178/393] Building C object freerdp-root-build/libfreerdp/CMakeFiles/freerdp.dir/gdi/pen.c.o
clang: warning: argument unused during compilation: '--gcc-toolchain=/Applications/DevEco-Studio.app/Contents/sdk/default/openharmony/native/llvm' [-Wunused-command-line-argument]
[179/393] Building C object freerdp-root-build/libfreerdp/CMakeFiles/freerdp.dir/common/assistance.c.o
clang: warning: argument unused during compilation: '--gcc-toolchain=/Applications/DevEco-Studio.app/Contents/sdk/default/openharmony/native/llvm' [-Wunused-command-line-argument]
[180/393] Building C object freerdp-root-build/libfreerdp/CMakeFiles/freerdp.dir/gdi/line.c.o
clang: warning: argument unused during compilation: '--gcc-toolchain=/Applications/DevEco-Studio.app/Contents/sdk/default/openharmony/native/llvm' [-Wunused-command-line-argument]
[181/393] Building C object freerdp-root-build/libfreerdp/CMakeFiles/freerdp.dir/emu/scard/smartcard_emulate.c.o
clang: warning: argument unused during compilation: '--gcc-toolchain=/Applications/DevEco-Studio.app/Contents/sdk/default/openharmony/native/llvm' [-Wunused-command-line-argument]
[182/393] Building C object freerdp-root-build/libfreerdp/CMakeFiles/freerdp.dir/gdi/region.c.o
clang: warning: argument unused during compilation: '--gcc-toolchain=/Applications/DevEco-Studio.app/Contents/sdk/default/openharmony/native/llvm' [-Wunused-command-line-argument]
[183/393] Building C object freerdp-root-build/libfreerdp/CMakeFiles/freerdp.dir/gdi/graphics.c.o
clang: warning: argument unused during compilation: '--gcc-toolchain=/Applications/DevEco-Studio.app/Contents/sdk/default/openharmony/native/llvm' [-Wunused-command-line-argument]
[184/393] Building C object freerdp-root-build/libfreerdp/CMakeFiles/freerdp.dir/gdi/shape.c.o
clang: warning: argument unused during compilation: '--gcc-toolchain=/Applications/DevEco-Studio.app/Contents/sdk/default/openharmony/native/llvm' [-Wunused-command-line-argument]
[185/393] Building C object freerdp-root-build/libfreerdp/CMakeFiles/freerdp.dir/cache/brush.c.o
clang: warning: argument unused during compilation: '--gcc-toolchain=/Applications/DevEco-Studio.app/Contents/sdk/default/openharmony/native/llvm' [-Wunused-command-line-argument]
[186/393] Building C object freerdp-root-build/libfreerdp/CMakeFiles/freerdp.dir/cache/nine_grid.c.o
clang: warning: argument unused during compilation: '--gcc-toolchain=/Applications/DevEco-Studio.app/Contents/sdk/default/openharmony/native/llvm' [-Wunused-command-line-argument]
[187/393] Building C object freerdp-root-build/libfreerdp/CMakeFiles/freerdp.dir/cache/bitmap.c.o
clang: warning: argument unused during compilation: '--gcc-toolchain=/Applications/DevEco-Studio.app/Contents/sdk/default/openharmony/native/llvm' [-Wunused-command-line-argument]
[188/393] Building C object freerdp-root-build/libfreerdp/CMakeFiles/freerdp.dir/cache/persistent.c.o
clang: warning: argument unused during compilation: '--gcc-toolchain=/Applications/DevEco-Studio.app/Contents/sdk/default/openharmony/native/llvm' [-Wunused-command-line-argument]
[189/393] Building C object freerdp-root-build/libfreerdp/CMakeFiles/freerdp.dir/cache/cache.c.o
clang: warning: argument unused during compilation: '--gcc-toolchain=/Applications/DevEco-Studio.app/Contents/sdk/default/openharmony/native/llvm' [-Wunused-command-line-argument]
[190/393] Building C object freerdp-root-build/libfreerdp/CMakeFiles/freerdp.dir/cache/pointer.c.o
clang: warning: argument unused during compilation: '--gcc-toolchain=/Applications/DevEco-Studio.app/Contents/sdk/default/openharmony/native/llvm' [-Wunused-command-line-argument]
[191/393] Building C object freerdp-root-build/libfreerdp/CMakeFiles/freerdp.dir/cache/offscreen.c.o
clang: warning: argument unused during compilation: '--gcc-toolchain=/Applications/DevEco-Studio.app/Contents/sdk/default/openharmony/native/llvm' [-Wunused-command-line-argument]
[192/393] Building C object freerdp-root-build/libfreerdp/CMakeFiles/freerdp.dir/cache/palette.c.o
clang: warning: argument unused during compilation: '--gcc-toolchain=/Applications/DevEco-Studio.app/Contents/sdk/default/openharmony/native/llvm' [-Wunused-command-line-argument]
[193/393] Building C object freerdp-root-build/libfreerdp/CMakeFiles/freerdp.dir/utils/smartcard_call.c.o
clang: warning: argument unused during compilation: '--gcc-toolchain=/Applications/DevEco-Studio.app/Contents/sdk/default/openharmony/native/llvm' [-Wunused-command-line-argument]
[194/393] Building C object freerdp-root-build/libfreerdp/CMakeFiles/freerdp.dir/utils/smartcard_pack.c.o
clang: warning: argument unused during compilation: '--gcc-toolchain=/Applications/DevEco-Studio.app/Contents/sdk/default/openharmony/native/llvm' [-Wunused-command-line-argument]
[195/393] Building C object freerdp-root-build/libfreerdp/CMakeFiles/freerdp.dir/gdi/gdi.c.o
clang: warning: argument unused during compilation: '--gcc-toolchain=/Applications/DevEco-Studio.app/Contents/sdk/default/openharmony/native/llvm' [-Wunused-command-line-argument]
[196/393] Building C object freerdp-root-build/libfreerdp/CMakeFiles/freerdp.dir/cache/glyph.c.o
clang: warning: argument unused during compilation: '--gcc-toolchain=/Applications/DevEco-Studio.app/Contents/sdk/default/openharmony/native/llvm' [-Wunused-command-line-argument]
[197/393] Building C object freerdp-root-build/libfreerdp/CMakeFiles/freerdp.dir/gdi/video.c.o
clang: warning: argument unused during compilation: '--gcc-toolchain=/Applications/DevEco-Studio.app/Contents/sdk/default/openharmony/native/llvm' [-Wunused-command-line-argument]
[198/393] Linking C shared library /Users/gaord/magic/FreeRDP/client/Harmony/entry/build/default/intermediates/cmake/default/obj/arm64-v8a/libwinpr3.so.3.24.3
[199/393] Building C object freerdp-root-build/libfreerdp/CMakeFiles/freerdp.dir/common/settings.c.o
clang: warning: argument unused during compilation: '--gcc-toolchain=/Applications/DevEco-Studio.app/Contents/sdk/default/openharmony/native/llvm' [-Wunused-command-line-argument]
[200/393] Building C object freerdp-root-build/libfreerdp/CMakeFiles/freerdp.dir/gdi/gfx.c.o
clang: warning: argument unused during compilation: '--gcc-toolchain=/Applications/DevEco-Studio.app/Contents/sdk/default/openharmony/native/llvm' [-Wunused-command-line-argument]
[201/393] Building CXX object CMakeFiles/freerdp_harmony_bridge.dir/freerdp_adapter.cpp.o
clang++: warning: argument unused during compilation: '--gcc-toolchain=/Applications/DevEco-Studio.app/Contents/sdk/default/openharmony/native/llvm' [-Wunused-command-line-argument]
[202/393] Building CXX object CMakeFiles/freerdp_harmony_bridge.dir/napi_export.cpp.o
clang++: warning: argument unused during compilation: '--gcc-toolchain=/Applications/DevEco-Studio.app/Contents/sdk/default/openharmony/native/llvm' [-Wunused-command-line-argument]
ninja: build stopped: subcommand failed.
undefined

* Try:
> Run with --stacktrace option to get the stack trace.
> Run with --debug option to get more log output.

> hvigor ERROR: BUILD FAILED in 10 s 678 ms 